Arguments: 
  C:\Program Files\nodejs\node.exe C:\Program Files (x86)\Yarn\bin\yarn.js test

PATH: 
  C:\Users\gpatel\bin;C:\Program Files\Git\mingw64\bin;C:\Program Files\Git\usr\local\bin;C:\Program Files\Git\usr\bin;C:\Program Files\Git\usr\bin;C:\Program Files\Git\mingw64\bin;C:\Program Files\Git\usr\bin;C:\Users\gpatel\bin;C:\Program Files (x86)\Intel\iCLS Client;C:\Program Files\Intel\iCLS Client;C:\Windows\system32;C:\Windows;C:\Windows\System32\Wbem;C:\Windows\System32\WindowsPowerShell\v1.0;C:\Program Files\Intel\Intel(R) Management Engine Components\DAL;C:\Program Files\Intel\Intel(R) Management Engine Components\IPT;C:\Program Files (x86)\Intel\Intel(R) Management Engine Components\DAL;C:\Program Files (x86)\Intel\Intel(R) Management Engine Components\IPT;C:\Program Files\Microsoft SQL Server\120\Tools\Binn;C:\Program Files\Microsoft\Web Platform Installer;C:\Program Files\nodejs;C:\Windows\System32\Windows System Resource Manager\bin;C:\Windows\idmu\common;C:\Program Files\Microsoft SQL Server\Client SDK\ODBC\110\Tools\Binn;C:\Program Files (x86)\Microsoft SQL Server\120\Tools\Binn;C:\Program Files\Microsoft SQL Server\120\DTS\Binn;C:\Program Files (x86)\Microsoft SQL Server\Client SDK\ODBC\130\Tools\Binn;C:\Program Files (x86)\Microsoft SQL Server\140\Tools\Binn;C:\Program Files (x86)\Microsoft SQL Server\140\DTS\Binn;C:\Program Files (x86)\Microsoft SQL Server\140\Tools\Binn\ManagementStudio;C:\Program Files\Amazon\AWSCLI\bin;C:\Program Files (x86)\Yarn\bin;C:\Users\gpatel\.dnx\runtimes\dnx-clr-win-x86.1.0.0-rc1-update1\bin;C:\Users\gpatel\.dnx\bin;C:\ProgramData\chocolatey\bin;C:\Program Files (x86)\Microsoft VS Code\bin;C:\Users\gpatel\AppData\Roaming\npm;C:\Program Files\Heroku\bin;C:\Users\gpatel\AppData\Local\atom\bin;C:\Users\gpatel\AppData\Roaming\Dashlane\6.0.3.11395\bin\Firefox_Extension\{442718d9-475e-452a-b3e1-fb1ee16b8e9f}\components;C:\Users\gpatel\AppData\Roaming\Dashlane\6.0.3.11395\ucrt;C:\Users\gpatel\AppData\Roaming\Dashlane\6.0.3.11395\bin\Qt;C:\Users\gpatel\AppData\Roaming\Dashlane\6.0.3.11395\ucrt;C:\Users\gpatel\AppData\Roaming\Dashlane\6.0.3.11395\bin\Ssl;C:\Users\gpatel\AppData\Local\GitHubDesktop\bin;C:\Users\gpatel\AppData\Local\Yarn\bin;C:\Program Files\Git\usr\bin\vendor_perl;C:\Program Files\Git\usr\bin\core_perl

Yarn version: 
  1.10.1

Node version: 
  6.9.4

Platform: 
  win32 x64

Trace: 
  SyntaxError: C:\ESFiddle_site\api\package.json: Unexpected token } in JSON at position 1444
      at Object.parse (native)
      at C:\Program Files (x86)\Yarn\lib\cli.js:1136:59
      at next (native)
      at step (C:\Program Files (x86)\Yarn\lib\cli.js:98:30)
      at C:\Program Files (x86)\Yarn\lib\cli.js:109:13

npm manifest: 
  {
    "name": "@esfiddle/api",
    "version": "1.0.0",
    "description": "The ESFiddle API",
    "main": "index.js",
    "private": true,
    "dependencies": {
      "bcryptjs": "^2.4.3",
      "body-parser": "^1.17.2",
      "debug": "^3.1.0",
      "dotenv": "^5.0.1",
      "express": "^4.15.3",
      "iconv-lite": "^0.4.17",
      "jsonwebtoken": "^8.2.1",
      "mongoose": "^5.1.2",
      "morgan": "^1.8.2",
      "nodemon": "1.17.4",
      "passport": "^0.4.0",
      "passport-jwt": "^4.0.0",
      "path": "^0.12.7",
      "rxjs": "^6.1.0",
      "winston": "^2.3.1"
    },
    "devDependencies": {
      "@types/chai": "^4.0.0",
      "@types/debug": "0.0.30",
      "@types/dotenv": "^4.0.3",
      "@types/express": "^4.0.35",
      "@types/mocha": "^5.2.0",
      "@types/mongoose": "^5.0.14",
      "@types/morgan": "^1.7.32",
      "@types/node": "^10.1.2",
      "@types/passport": "^0.4.5",
      "@types/passport-jwt": "^3.0.1",
      "chai": "^4.0.2",
      "chai-http": "^4.0.0",
      "gulp": "^4.0.0",
      "gulp-clean": "^0.4.0",
      "gulp-typescript": "^4.0.2",
      "gulp-yaml": "^2.0.1",
      "jest": "^23.6.0",
      "mocha": "^5.2.0",
      "mocha-typescript": "^1.1.4",
      "typescript": "^2.3.4"
    },
    "scripts": {
      "start": "./node_modules/.bin/nodemon dist/index.js",
      "build": "./node_modules/.bin/gulp build",
      "test": "./node_modules/.bin/mocha -t 30000 dist/tests/**/*.spec.js",
      "postinstall": "npm run build",
      "test-jest": "jest --config ./tests/jest-config.js",
    },
    "repository": {
      "type": "git",
      "url": "https://github.com/esfiddle/api.git"
    },
    "keywords": [],
    "author": "esfiddle <code@esfiddle.net>",
    "license": "MIT",
    "homepage": "https://esffidle.net"
  }

yarn manifest: 
  No manifest

Lockfile: 
  No lockfile
